This is XeTeX, Version 3.14159265-2.6-0.999991 (TeX Live 2019/W32TeX) (preloaded format=xelatex 2019.11.21)  24 NOV 2019 15:42
entering extended mode
 restricted \write18 enabled.
 %&-line parsing enabled.
**comprehensive_agriculture_guide.tex
(./comprehensive_agriculture_guide.tex
LaTeX2e <2019-10-01> patch level 3
(c:/Users/Dell/ddhakal/applications/TinyTeX/texmf-dist/tex/latex/base/book.cls
Document Class: book 2019/10/25 v1.4k Standard LaTeX document class
(c:/Users/Dell/ddhakal/applications/TinyTeX/texmf-dist/tex/latex/base/bk10.clo
File: bk10.clo 2019/10/25 v1.4k Standard LaTeX file (size option)
)
\c@part=\count80
\c@chapter=\count81
\c@section=\count82
\c@subsection=\count83
\c@subsubsection=\count84
\c@paragraph=\count85
\c@subparagraph=\count86
\c@figure=\count87
\c@table=\count88
\abovecaptionskip=\skip41
\belowcaptionskip=\skip42
\bibindent=\dimen102
)
(c:/Users/Dell/ddhakal/applications/TinyTeX/texmf-dist/tex/latex/lm/lmodern.sty
Package: lmodern 2009/10/30 v1.6 Latin Modern Fonts
LaTeX Font Info:    Overwriting symbol font `operators' in version `normal'
(Font)                  OT1/cmr/m/n --> OT1/lmr/m/n on input line 22.
LaTeX Font Info:    Overwriting symbol font `letters' in version `normal'
(Font)                  OML/cmm/m/it --> OML/lmm/m/it on input line 23.
LaTeX Font Info:    Overwriting symbol font `symbols' in version `normal'
(Font)                  OMS/cmsy/m/n --> OMS/lmsy/m/n on input line 24.
LaTeX Font Info:    Overwriting symbol font `largesymbols' in version `normal'
(Font)                  OMX/cmex/m/n --> OMX/lmex/m/n on input line 25.
LaTeX Font Info:    Overwriting symbol font `operators' in version `bold'
(Font)                  OT1/cmr/bx/n --> OT1/lmr/bx/n on input line 26.
LaTeX Font Info:    Overwriting symbol font `letters' in version `bold'
(Font)                  OML/cmm/b/it --> OML/lmm/b/it on input line 27.
LaTeX Font Info:    Overwriting symbol font `symbols' in version `bold'
(Font)                  OMS/cmsy/b/n --> OMS/lmsy/b/n on input line 28.
LaTeX Font Info:    Overwriting symbol font `largesymbols' in version `bold'
(Font)                  OMX/cmex/m/n --> OMX/lmex/m/n on input line 29.
LaTeX Font Info:    Overwriting math alphabet `\mathbf' in version `normal'
(Font)                  OT1/cmr/bx/n --> OT1/lmr/bx/n on input line 31.
LaTeX Font Info:    Overwriting math alphabet `\mathsf' in version `normal'
(Font)                  OT1/cmss/m/n --> OT1/lmss/m/n on input line 32.
LaTeX Font Info:    Overwriting math alphabet `\mathit' in version `normal'
(Font)                  OT1/cmr/m/it --> OT1/lmr/m/it on input line 33.
LaTeX Font Info:    Overwriting math alphabet `\mathtt' in version `normal'
(Font)                  OT1/cmtt/m/n --> OT1/lmtt/m/n on input line 34.
LaTeX Font Info:    Overwriting math alphabet `\mathbf' in version `bold'
(Font)                  OT1/cmr/bx/n --> OT1/lmr/bx/n on input line 35.
LaTeX Font Info:    Overwriting math alphabet `\mathsf' in version `bold'
(Font)                  OT1/cmss/bx/n --> OT1/lmss/bx/n on input line 36.
LaTeX Font Info:    Overwriting math alphabet `\mathit' in version `bold'
(Font)                  OT1/cmr/bx/it --> OT1/lmr/bx/it on input line 37.
LaTeX Font Info:    Overwriting math alphabet `\mathtt' in version `bold'
(Font)                  OT1/cmtt/m/n --> OT1/lmtt/m/n on input line 38.
)
(c:/Users/Dell/ddhakal/applications/TinyTeX/texmf-dist/tex/latex/amsfonts/amssy
mb.sty
Package: amssymb 2013/01/14 v3.01 AMS font symbols

(c:/Users/Dell/ddhakal/applications/TinyTeX/texmf-dist/tex/latex/amsfonts/amsfo
nts.sty
Package: amsfonts 2013/01/14 v3.01 Basic AMSFonts support
\@emptytoks=\toks14
\symAMSa=\mathgroup4
\symAMSb=\mathgroup5
LaTeX Font Info:    Redeclaring math symbol \hbar on input line 98.
LaTeX Font Info:    Overwriting math alphabet `\mathfrak' in version `bold'
(Font)                  U/euf/m/n --> U/euf/b/n on input line 106.
))
(c:/Users/Dell/ddhakal/applications/TinyTeX/texmf-dist/tex/latex/amsmath/amsmat
h.sty
Package: amsmath 2019/11/16 v2.17d AMS math features
\@mathmargin=\skip43
For additional information on amsmath, use the `?' option.

(c:/Users/Dell/ddhakal/applications/TinyTeX/texmf-dist/tex/latex/amsmath/amstex
t.sty
Package: amstext 2000/06/29 v2.01 AMS text

(c:/Users/Dell/ddhakal/applications/TinyTeX/texmf-dist/tex/latex/amsmath/amsgen
.sty
File: amsgen.sty 1999/11/30 v2.0 generic functions
\@emptytoks=\toks15
\ex@=\dimen103
))
(c:/Users/Dell/ddhakal/applications/TinyTeX/texmf-dist/tex/latex/amsmath/amsbsy
.sty
Package: amsbsy 1999/11/29 v1.2d Bold Symbols
\pmbraise@=\dimen104
)
(c:/Users/Dell/ddhakal/applications/TinyTeX/texmf-dist/tex/latex/amsmath/amsopn
.sty
Package: amsopn 2016/03/08 v2.02 operator names
)
\inf@bad=\count89
LaTeX Info: Redefining \frac on input line 227.
\uproot@=\count90
\leftroot@=\count91
LaTeX Info: Redefining \overline on input line 389.
\classnum@=\count92
\DOTSCASE@=\count93
LaTeX Info: Redefining \ldots on input line 486.
LaTeX Info: Redefining \dots on input line 489.
LaTeX Info: Redefining \cdots on input line 610.
\Mathstrutbox@=\box27
\strutbox@=\box28
\big@size=\dimen105
LaTeX Font Info:    Redeclaring font encoding OML on input line 733.
LaTeX Font Info:    Redeclaring font encoding OMS on input line 734.
\macc@depth=\count94
\c@MaxMatrixCols=\count95
\dotsspace@=\muskip10
\c@parentequation=\count96
\dspbrk@lvl=\count97
\tag@help=\toks16
\row@=\count98
\column@=\count99
\maxfields@=\count100
\andhelp@=\toks17
\eqnshift@=\dimen106
\alignsep@=\dimen107
\tagshift@=\dimen108
\tagwidth@=\dimen109
\totwidth@=\dimen110
\lineht@=\dimen111
\@envbody=\toks18
\multlinegap=\skip44
\multlinetaggap=\skip45
\mathdisplay@stack=\toks19
LaTeX Info: Redefining \[ on input line 2858.
LaTeX Info: Redefining \] on input line 2859.
)
(c:/Users/Dell/ddhakal/applications/TinyTeX/texmf-dist/tex/generic/iftex/ifxete
x.sty
Package: ifxetex 2019/10/25 v0.7 ifxetex legacy package. Use iftex instead.

(c:/Users/Dell/ddhakal/applications/TinyTeX/texmf-dist/tex/generic/iftex/iftex.
sty
Package: iftex 2019/11/07 v1.0c TeX engine tests
))
(c:/Users/Dell/ddhakal/applications/TinyTeX/texmf-dist/tex/generic/iftex/ifluat
ex.sty
Package: ifluatex 2019/10/25 v1.5 ifluatex legacy package. Use iftex instead.
)
(c:/Users/Dell/ddhakal/applications/TinyTeX/texmf-dist/tex/latex/base/fixltx2e.
sty
Package: fixltx2e 2016/12/29 v2.1a fixes to LaTeX (obsolete)
Applying: [2015/01/01] Old fixltx2e package on input line 46.

Package fixltx2e Warning: fixltx2e is not required with releases after 2015
(fixltx2e)                All fixes are now in the LaTeX kernel.
(fixltx2e)                See the latexrelease package for details.

Already applied: [0000/00/00] Old fixltx2e package on input line 53.
)
(c:/Users/Dell/ddhakal/applications/TinyTeX/texmf-dist/tex/xelatex/mathspec/mat
hspec.sty
Package: mathspec 2016/12/22 v0.2b LaTeX Package (Mathematics font selection fo
r XeLaTeX)

(c:/Users/Dell/ddhakal/applications/TinyTeX/texmf-dist/tex/latex/etoolbox/etool
box.sty
Package: etoolbox 2019/09/21 v2.5h e-TeX tools for LaTeX (JAW)
\etb@tempcnta=\count101
)
(c:/Users/Dell/ddhakal/applications/TinyTeX/texmf-dist/tex/latex/fontspec/fonts
pec.sty
(c:/Users/Dell/ddhakal/applications/TinyTeX/texmf-dist/tex/latex/l3packages/xpa
rse/xparse.sty
(c:/Users/Dell/ddhakal/applications/TinyTeX/texmf-dist/tex/latex/l3kernel/expl3
.sty
Package: expl3 2019-11-07 L3 programming layer (loader) 

(c:/Users/Dell/ddhakal/applications/TinyTeX/texmf-dist/tex/latex/l3kernel/expl3
-code.tex
Package: expl3 2019-11-07 L3 programming layer (code)
\c_max_int=\count102
\l_tmpa_int=\count103
\l_tmpb_int=\count104
\g_tmpa_int=\count105
\g_tmpb_int=\count106
\l__seq_internal_a_int=\count107
\l__seq_internal_b_int=\count108
\g__kernel_prg_map_int=\count109
\c__ior_term_noprompt_ior=\count110
\c_log_iow=\count111
\l_iow_line_count_int=\count112
\l__iow_line_target_int=\count113
\l__iow_one_indent_int=\count114
\l__iow_indent_int=\count115
\c_zero_dim=\dimen112
\c_max_dim=\dimen113
\l_tmpa_dim=\dimen114
\l_tmpb_dim=\dimen115
\g_tmpa_dim=\dimen116
\g_tmpb_dim=\dimen117
\c_zero_skip=\skip46
\c_max_skip=\skip47
\l_tmpa_skip=\skip48
\l_tmpb_skip=\skip49
\g_tmpa_skip=\skip50
\g_tmpb_skip=\skip51
\c_zero_muskip=\muskip11
\c_max_muskip=\muskip12
\l_tmpa_muskip=\muskip13
\l_tmpb_muskip=\muskip14
\g_tmpa_muskip=\muskip15
\g_tmpb_muskip=\muskip16
\l_keys_choice_int=\count116
\l__intarray_loop_int=\count117
\c__intarray_sp_dim=\dimen118
\g__intarray_font_int=\count118
\c__fp_leading_shift_int=\count119
\c__fp_middle_shift_int=\count120
\c__fp_trailing_shift_int=\count121
\c__fp_big_leading_shift_int=\count122
\c__fp_big_middle_shift_int=\count123
\c__fp_big_trailing_shift_int=\count124
\c__fp_Bigg_leading_shift_int=\count125
\c__fp_Bigg_middle_shift_int=\count126
\c__fp_Bigg_trailing_shift_int=\count127
\g__fp_array_int=\count128
\l__fp_array_loop_int=\count129
\l__sort_length_int=\count130
\l__sort_min_int=\count131
\l__sort_top_int=\count132
\l__sort_max_int=\count133
\l__sort_true_max_int=\count134
\l__sort_block_int=\count135
\l__sort_begin_int=\count136
\l__sort_end_int=\count137
\l__sort_A_int=\count138
\l__sort_B_int=\count139
\l__sort_C_int=\count140
\l__str_internal_int=\count141
\l__tl_analysis_normal_int=\count142
\l__tl_analysis_index_int=\count143
\l__tl_analysis_nesting_int=\count144
\l__tl_analysis_type_int=\count145
\l__regex_internal_a_int=\count146
\l__regex_internal_b_int=\count147
\l__regex_internal_c_int=\count148
\l__regex_balance_int=\count149
\l__regex_group_level_int=\count150
\l__regex_mode_int=\count151
\c__regex_cs_in_class_mode_int=\count152
\c__regex_cs_mode_int=\count153
\l__regex_catcodes_int=\count154
\l__regex_default_catcodes_int=\count155
\c__regex_catcode_L_int=\count156
\c__regex_catcode_O_int=\count157
\c__regex_catcode_A_int=\count158
\c__regex_all_catcodes_int=\count159
\l__regex_show_lines_int=\count160
\l__regex_min_state_int=\count161
\l__regex_max_state_int=\count162
\l__regex_left_state_int=\count163
\l__regex_right_state_int=\count164
\l__regex_capturing_group_int=\count165
\l__regex_min_pos_int=\count166
\l__regex_max_pos_int=\count167
\l__regex_curr_pos_int=\count168
\l__regex_start_pos_int=\count169
\l__regex_success_pos_int=\count170
\l__regex_curr_char_int=\count171
\l__regex_curr_catcode_int=\count172
\l__regex_last_char_int=\count173
\l__regex_case_changed_char_int=\count174
\l__regex_curr_state_int=\count175
\l__regex_step_int=\count176
\l__regex_min_active_int=\count177
\l__regex_max_active_int=\count178
\l__regex_replacement_csnames_int=\count179
\l__regex_match_count_int=\count180
\l__regex_min_submatch_int=\count181
\l__regex_submatch_int=\count182
\l__regex_zeroth_submatch_int=\count183
\g__regex_trace_regex_int=\count184
\c_empty_box=\box29
\l_tmpa_box=\box30
\l_tmpb_box=\box31
\g_tmpa_box=\box32
\g_tmpb_box=\box33
\l__box_top_dim=\dimen119
\l__box_bottom_dim=\dimen120
\l__box_left_dim=\dimen121
\l__box_right_dim=\dimen122
\l__box_top_new_dim=\dimen123
\l__box_bottom_new_dim=\dimen124
\l__box_left_new_dim=\dimen125
\l__box_right_new_dim=\dimen126
\l__box_internal_box=\box34
\l__coffin_internal_box=\box35
\l__coffin_internal_dim=\dimen127
\l__coffin_offset_x_dim=\dimen128
\l__coffin_offset_y_dim=\dimen129
\l__coffin_x_dim=\dimen130
\l__coffin_y_dim=\dimen131
\l__coffin_x_prime_dim=\dimen132
\l__coffin_y_prime_dim=\dimen133
\c_empty_coffin=\box36
\l__coffin_aligned_coffin=\box37
\l__coffin_aligned_internal_coffin=\box38
\l_tmpa_coffin=\box39
\l_tmpb_coffin=\box40
\g_tmpa_coffin=\box41
\g_tmpb_coffin=\box42
\l__coffin_bounding_shift_dim=\dimen134
\l__coffin_left_corner_dim=\dimen135
\l__coffin_right_corner_dim=\dimen136
\l__coffin_bottom_corner_dim=\dimen137
\l__coffin_top_corner_dim=\dimen138
\l__coffin_scaled_total_height_dim=\dimen139
\l__coffin_scaled_width_dim=\dimen140
\c__coffin_empty_coffin=\box43
\l__coffin_display_coffin=\box44
\l__coffin_display_coord_coffin=\box45
\l__coffin_display_pole_coffin=\box46
\l__coffin_display_offset_dim=\dimen141
\l__coffin_display_x_dim=\dimen142
\l__coffin_display_y_dim=\dimen143
\g__char_data_ior=\read1

(c:/Users/Dell/ddhakal/applications/TinyTeX/texmf-dist/tex/latex/l3kernel/l3dep
recation.def
File: l3deprecation.def 2019-04-06 v L3 Deprecated functions
))
(c:/Users/Dell/ddhakal/applications/TinyTeX/texmf-dist/tex/latex/l3backend/l3ba
ckend-xdvipdfmx.def
File: l3backend-xdvipdfmx.def 2019-04-06 L3 backend support: xdvipdfmx
\g__graphics_track_int=\count185
\l__pdf_internal_box=\box47
\g__pdf_backend_object_int=\count186
\g__pdf_backend_annotation_int=\count187
))
Package: xparse 2019-10-11 L3 Experimental document command parser
\l__xparse_current_arg_int=\count188
\g__xparse_grabber_int=\count189
\l__xparse_m_args_int=\count190
\l__xparse_v_nesting_int=\count191
)
Package: fontspec 2019/10/19 v2.7d Font selection for XeLaTeX and LuaLaTeX

(c:/Users/Dell/ddhakal/applications/TinyTeX/texmf-dist/tex/latex/fontspec/fonts
pec-xetex.sty
Package: fontspec-xetex 2019/10/19 v2.7d Font selection for XeLaTeX and LuaLaTe
X
\l__fontspec_script_int=\count192
\l__fontspec_language_int=\count193
\l__fontspec_strnum_int=\count194
\l__fontspec_tmp_int=\count195
\l__fontspec_tmpa_int=\count196
\l__fontspec_tmpb_int=\count197
\l__fontspec_tmpc_int=\count198
\l__fontspec_em_int=\count199
\l__fontspec_emdef_int=\count266
\l__fontspec_strong_int=\count267
\l__fontspec_strongdef_int=\count268
\l__fontspec_tmpa_dim=\dimen144
\l__fontspec_tmpb_dim=\dimen145
\l__fontspec_tmpc_dim=\dimen146

(c:/Users/Dell/ddhakal/applications/TinyTeX/texmf-dist/tex/latex/base/fontenc.s
ty
Package: fontenc 2018/08/11 v2.0j Standard LaTeX package

(c:/Users/Dell/ddhakal/applications/TinyTeX/texmf-dist/tex/latex/base/tuenc.def
File: tuenc.def 2018/08/11 v2.0j Standard LaTeX file
LaTeX Font Info:    Redeclaring font encoding TU on input line 82.
))
(c:/Users/Dell/ddhakal/applications/TinyTeX/texmf-dist/tex/latex/fontspec/fonts
pec.cfg)
LaTeX Info: Redefining \itshape on input line 4047.
LaTeX Info: Redefining \slshape on input line 4052.
LaTeX Info: Redefining \scshape on input line 4057.
LaTeX Info: Redefining \upshape on input line 4062.
LaTeX Info: Redefining \em on input line 4092.
LaTeX Info: Redefining \emph on input line 4117.
))
(c:/Users/Dell/ddhakal/applications/TinyTeX/texmf-dist/tex/latex/xkeyval/xkeyva
l.sty
Package: xkeyval 2014/12/03 v2.7a package option processing (HA)

(c:/Users/Dell/ddhakal/applications/TinyTeX/texmf-dist/tex/generic/xkeyval/xkey
val.tex
(c:/Users/Dell/ddhakal/applications/TinyTeX/texmf-dist/tex/generic/xkeyval/xkvu
tils.tex
\XKV@toks=\toks20
\XKV@tempa@toks=\toks21

(c:/Users/Dell/ddhakal/applications/TinyTeX/texmf-dist/tex/generic/xkeyval/keyv
al.tex))
\XKV@depth=\count269
File: xkeyval.tex 2014/12/03 v2.7a key=value parser (HA)
))
\c@eu@=\count270
\c@eu@i=\count271
\c@mkern=\count272
)
(c:/Users/Dell/ddhakal/applications/TinyTeX/texmf-dist/tex/latex/upquote/upquot
e.sty
Package: upquote 2012/04/19 v1.3 upright-quote and grave-accent glyphs in verba
tim

(c:/Users/Dell/ddhakal/applications/TinyTeX/texmf-dist/tex/latex/base/textcomp.
sty
Package: textcomp 2018/08/11 v2.0j Standard LaTeX package
Package textcomp Info: Sub-encoding information:
(textcomp)               5 = only ISO-Adobe without \textcurrency
(textcomp)               4 = 5 + \texteuro
(textcomp)               3 = 4 + \textohm
(textcomp)               2 = 3 + \textestimated + \textcurrency
(textcomp)               1 = TS1 - \textcircled - \t
(textcomp)               0 = TS1 (full)
(textcomp)             Font families with sub-encoding setting implement
(textcomp)             only a restricted character set as indicated.
(textcomp)             Family '?' is the default used for unknown fonts.
(textcomp)             See the documentation for details.
Package textcomp Info: Setting ? sub-encoding to TS1/1 on input line 79.

(c:/Users/Dell/ddhakal/applications/TinyTeX/texmf-dist/tex/latex/base/ts1enc.de
f
File: ts1enc.def 2001/06/05 v3.0e (jk/car/fm) Standard LaTeX file
)
LaTeX Info: Redefining \oldstylenums on input line 334.
Package textcomp Info: Setting cmr sub-encoding to TS1/0 on input line 349.
Package textcomp Info: Setting cmss sub-encoding to TS1/0 on input line 350.
Package textcomp Info: Setting cmtt sub-encoding to TS1/0 on input line 351.
Package textcomp Info: Setting cmvtt sub-encoding to TS1/0 on input line 352.
Package textcomp Info: Setting cmbr sub-encoding to TS1/0 on input line 353.
Package textcomp Info: Setting cmtl sub-encoding to TS1/0 on input line 354.
Package textcomp Info: Setting ccr sub-encoding to TS1/0 on input line 355.
Package textcomp Info: Setting ptm sub-encoding to TS1/4 on input line 356.
Package textcomp Info: Setting pcr sub-encoding to TS1/4 on input line 357.
Package textcomp Info: Setting phv sub-encoding to TS1/4 on input line 358.
Package textcomp Info: Setting ppl sub-encoding to TS1/3 on input line 359.
Package textcomp Info: Setting pag sub-encoding to TS1/4 on input line 360.
Package textcomp Info: Setting pbk sub-encoding to TS1/4 on input line 361.
Package textcomp Info: Setting pnc sub-encoding to TS1/4 on input line 362.
Package textcomp Info: Setting pzc sub-encoding to TS1/4 on input line 363.
Package textcomp Info: Setting bch sub-encoding to TS1/4 on input line 364.
Package textcomp Info: Setting put sub-encoding to TS1/5 on input line 365.
Package textcomp Info: Setting uag sub-encoding to TS1/5 on input line 366.
Package textcomp Info: Setting ugq sub-encoding to TS1/5 on input line 367.
Package textcomp Info: Setting ul8 sub-encoding to TS1/4 on input line 368.
Package textcomp Info: Setting ul9 sub-encoding to TS1/4 on input line 369.
Package textcomp Info: Setting augie sub-encoding to TS1/5 on input line 370.
Package textcomp Info: Setting dayrom sub-encoding to TS1/3 on input line 371.
Package textcomp Info: Setting dayroms sub-encoding to TS1/3 on input line 372.

Package textcomp Info: Setting pxr sub-encoding to TS1/0 on input line 373.
Package textcomp Info: Setting pxss sub-encoding to TS1/0 on input line 374.
Package textcomp Info: Setting pxtt sub-encoding to TS1/0 on input line 375.
Package textcomp Info: Setting txr sub-encoding to TS1/0 on input line 376.
Package textcomp Info: Setting txss sub-encoding to TS1/0 on input line 377.
Package textcomp Info: Setting txtt sub-encoding to TS1/0 on input line 378.
Package textcomp Info: Setting lmr sub-encoding to TS1/0 on input line 379.
Package textcomp Info: Setting lmdh sub-encoding to TS1/0 on input line 380.
Package textcomp Info: Setting lmss sub-encoding to TS1/0 on input line 381.
Package textcomp Info: Setting lmssq sub-encoding to TS1/0 on input line 382.
Package textcomp Info: Setting lmvtt sub-encoding to TS1/0 on input line 383.
Package textcomp Info: Setting lmtt sub-encoding to TS1/0 on input line 384.
Package textcomp Info: Setting qhv sub-encoding to TS1/0 on input line 385.
Package textcomp Info: Setting qag sub-encoding to TS1/0 on input line 386.
Package textcomp Info: Setting qbk sub-encoding to TS1/0 on input line 387.
Package textcomp Info: Setting qcr sub-encoding to TS1/0 on input line 388.
Package textcomp Info: Setting qcs sub-encoding to TS1/0 on input line 389.
Package textcomp Info: Setting qpl sub-encoding to TS1/0 on input line 390.
Package textcomp Info: Setting qtm sub-encoding to TS1/0 on input line 391.
Package textcomp Info: Setting qzc sub-encoding to TS1/0 on input line 392.
Package textcomp Info: Setting qhvc sub-encoding to TS1/0 on input line 393.
Package textcomp Info: Setting futs sub-encoding to TS1/4 on input line 394.
Package textcomp Info: Setting futx sub-encoding to TS1/4 on input line 395.
Package textcomp Info: Setting futj sub-encoding to TS1/4 on input line 396.
Package textcomp Info: Setting hlh sub-encoding to TS1/3 on input line 397.
Package textcomp Info: Setting hls sub-encoding to TS1/3 on input line 398.
Package textcomp Info: Setting hlst sub-encoding to TS1/3 on input line 399.
Package textcomp Info: Setting hlct sub-encoding to TS1/5 on input line 400.
Package textcomp Info: Setting hlx sub-encoding to TS1/5 on input line 401.
Package textcomp Info: Setting hlce sub-encoding to TS1/5 on input line 402.
Package textcomp Info: Setting hlcn sub-encoding to TS1/5 on input line 403.
Package textcomp Info: Setting hlcw sub-encoding to TS1/5 on input line 404.
Package textcomp Info: Setting hlcf sub-encoding to TS1/5 on input line 405.
Package textcomp Info: Setting pplx sub-encoding to TS1/3 on input line 406.
Package textcomp Info: Setting pplj sub-encoding to TS1/3 on input line 407.
Package textcomp Info: Setting ptmx sub-encoding to TS1/4 on input line 408.
Package textcomp Info: Setting ptmj sub-encoding to TS1/4 on input line 409.
))
(c:/Users/Dell/ddhakal/applications/TinyTeX/texmf-dist/tex/latex/hyperref/hyper
ref.sty
Package: hyperref 2019/11/10 v7.00c Hypertext links for LaTeX

(c:/Users/Dell/ddhakal/applications/TinyTeX/texmf-dist/tex/generic/oberdiek/ltx
cmds.sty
Package: ltxcmds 2016/05/16 v1.23 LaTeX kernel commands for general use (HO)
)
(c:/Users/Dell/ddhakal/applications/TinyTeX/texmf-dist/tex/generic/oberdiek/pdf
texcmds.sty
Package: pdftexcmds 2019/07/25 v0.30 Utility functions of pdfTeX for LuaTeX (HO
)

(c:/Users/Dell/ddhakal/applications/TinyTeX/texmf-dist/tex/generic/oberdiek/inf
warerr.sty
Package: infwarerr 2016/05/16 v1.4 Providing info/warning/error messages (HO)
)
(c:/Users/Dell/ddhakal/applications/TinyTeX/texmf-dist/tex/generic/iftex/ifpdf.
sty
Package: ifpdf 2019/10/25 v3.4 ifpdf legacy package. Use iftex instead.
)
Package pdftexcmds Info: LuaTeX not detected.
Package pdftexcmds Info: pdfTeX >= 1.30 not detected.
Package pdftexcmds Info: \pdf@primitive is available.
Package pdftexcmds Info: \pdf@ifprimitive is available.
Package pdftexcmds Info: \pdfdraftmode not found.
)
(c:/Users/Dell/ddhakal/applications/TinyTeX/texmf-dist/tex/generic/oberdiek/kvs
etkeys.sty
Package: kvsetkeys 2016/05/16 v1.17 Key value parser (HO)

(c:/Users/Dell/ddhakal/applications/TinyTeX/texmf-dist/tex/generic/oberdiek/ete
xcmds.sty
Package: etexcmds 2016/05/16 v1.6 Avoid name clashes with e-TeX commands (HO)
))
(c:/Users/Dell/ddhakal/applications/TinyTeX/texmf-dist/tex/generic/oberdiek/kvd
efinekeys.sty
Package: kvdefinekeys 2016/05/16 v1.4 Define keys (HO)
)
(c:/Users/Dell/ddhakal/applications/TinyTeX/texmf-dist/tex/generic/oberdiek/pdf
escape.sty
Package: pdfescape 2016/05/16 v1.14 Implements pdfTeX's escape features (HO)
)
(c:/Users/Dell/ddhakal/applications/TinyTeX/texmf-dist/tex/latex/oberdiek/hycol
or.sty
Package: hycolor 2016/05/16 v1.8 Color options for hyperref/bookmark (HO)

(c:/Users/Dell/ddhakal/applications/TinyTeX/texmf-dist/tex/latex/oberdiek/xcolo
r-patch.sty
Package: xcolor-patch 2016/05/16 xcolor patch

(c:/Users/Dell/ddhakal/applications/TinyTeX/texmf-dist/tex/latex/oberdiek/hopat
ch.sty
Package: hopatch 2016/05/16 v1.3 Wrapper for package hooks (HO)
)))
(c:/Users/Dell/ddhakal/applications/TinyTeX/texmf-dist/tex/latex/oberdiek/letlt
xmacro.sty
Package: letltxmacro 2016/05/16 v1.5 Let assignment for LaTeX macros (HO)
)
(c:/Users/Dell/ddhakal/applications/TinyTeX/texmf-dist/tex/latex/oberdiek/auxho
ok.sty
Package: auxhook 2016/05/16 v1.4 Hooks for auxiliary files (HO)
)
(c:/Users/Dell/ddhakal/applications/TinyTeX/texmf-dist/tex/latex/oberdiek/kvopt
ions.sty
Package: kvoptions 2016/05/16 v3.12 Key value format for package options (HO)
)
\@linkdim=\dimen147
\Hy@linkcounter=\count273
\Hy@pagecounter=\count274

(c:/Users/Dell/ddhakal/applications/TinyTeX/texmf-dist/tex/latex/hyperref/pd1en
c.def
File: pd1enc.def 2019/11/10 v7.00c Hyperref: PDFDocEncoding definition (HO)
)
(c:/Users/Dell/ddhakal/applications/TinyTeX/texmf-dist/tex/generic/oberdiek/int
calc.sty
Package: intcalc 2016/05/16 v1.2 Expandable calculations with integers (HO)
)
\Hy@SavedSpaceFactor=\count275

(c:/Users/Dell/ddhakal/applications/TinyTeX/texmf-dist/tex/latex/latexconfig/hy
perref.cfg
File: hyperref.cfg 2002/06/06 v1.2 hyperref configuration of TeXLive
)
Package hyperref Info: Hyper figures OFF on input line 4535.
Package hyperref Info: Link nesting OFF on input line 4540.
Package hyperref Info: Hyper index ON on input line 4543.
Package hyperref Info: Plain pages OFF on input line 4550.
Package hyperref Info: Backreferencing OFF on input line 4555.
Package hyperref Info: Implicit mode ON; LaTeX internals redefined.
Package hyperref Info: Bookmarks ON on input line 4788.
\c@Hy@tempcnt=\count276
(c:/Users/Dell/ddhakal/applications/TinyTeX/texmf-dist/tex/latex/url/url.sty
\Urlmuskip=\muskip17
Package: url 2013/09/16  ver 3.4  Verb mode for urls, etc.
)
LaTeX Info: Redefining \url on input line 5147.
\XeTeXLinkMargin=\dimen148

(c:/Users/Dell/ddhakal/applications/TinyTeX/texmf-dist/tex/generic/oberdiek/bit
set.sty
Package: bitset 2016/05/16 v1.2 Handle bit-vector datatype (HO)

(c:/Users/Dell/ddhakal/applications/TinyTeX/texmf-dist/tex/generic/oberdiek/big
intcalc.sty
Package: bigintcalc 2016/05/16 v1.4 Expandable calculations on big integers (HO
)
))
\Fld@menulength=\count277
\Field@Width=\dimen149
\Fld@charsize=\dimen150
Package hyperref Info: Hyper figures OFF on input line 6418.
Package hyperref Info: Link nesting OFF on input line 6423.
Package hyperref Info: Hyper index ON on input line 6426.
Package hyperref Info: backreferencing OFF on input line 6433.
Package hyperref Info: Link coloring OFF on input line 6438.
Package hyperref Info: Link coloring with OCG OFF on input line 6443.
Package hyperref Info: PDF/A mode OFF on input line 6448.
LaTeX Info: Redefining \ref on input line 6488.
LaTeX Info: Redefining \pageref on input line 6492.

(c:/Users/Dell/ddhakal/applications/TinyTeX/texmf-dist/tex/generic/oberdiek/atb
egshi.sty
Package: atbegshi 2016/06/09 v1.18 At begin shipout hook (HO)
)
\Hy@abspage=\count278
\c@Item=\count279
\c@Hfootnote=\count280
)
Package hyperref Info: Driver (autodetected): hxetex.

(c:/Users/Dell/ddhakal/applications/TinyTeX/texmf-dist/tex/latex/hyperref/hxete
x.def
File: hxetex.def 2019/11/10 v7.00c Hyperref driver for XeTeX

(c:/Users/Dell/ddhakal/applications/TinyTeX/texmf-dist/tex/latex/hyperref/puenc
.def
File: puenc.def 2019/11/10 v7.00c Hyperref: PDF Unicode definition (HO)
)
(c:/Users/Dell/ddhakal/applications/TinyTeX/texmf-dist/tex/generic/oberdiek/str
ingenc.sty
Package: stringenc 2016/05/16 v1.11 Convert strings between diff. encodings (HO
)
)
\pdfm@box=\box48
\c@Hy@AnnotLevel=\count281
\HyField@AnnotCount=\count282
\Fld@listcount=\count283
\c@bookmark@seq@number=\count284

(c:/Users/Dell/ddhakal/applications/TinyTeX/texmf-dist/tex/latex/oberdiek/rerun
filecheck.sty
Package: rerunfilecheck 2016/05/16 v1.8 Rerun checks for auxiliary files (HO)

(c:/Users/Dell/ddhakal/applications/TinyTeX/texmf-dist/tex/latex/oberdiek/atver
yend.sty
Package: atveryend 2016/05/16 v1.9 Hooks at the very end of document (HO)
)
(c:/Users/Dell/ddhakal/applications/TinyTeX/texmf-dist/tex/generic/oberdiek/uni
quecounter.sty
Package: uniquecounter 2016/05/16 v1.3 Provide unlimited unique counter (HO)
)
Package uniquecounter Info: New unique counter `rerunfilecheck' on input line 2
85.
)
\Hy@SectionHShift=\skip52
)
Package hyperref Info: Option `unicode' set `true' on input line 29.

(c:/Users/Dell/ddhakal/applications/TinyTeX/texmf-dist/tex/generic/oberdiek/se-
ascii-print.def
File: se-ascii-print.def 2016/05/16 v1.11 stringenc: Printable ASCII characters

)
Package hyperref Info: Option `breaklinks' set `true' on input line 29.

(c:/Users/Dell/ddhakal/applications/TinyTeX/texmf-dist/tex/latex/natbib/natbib.
sty
Package: natbib 2010/09/13 8.31b (PWD, AO)
\bibhang=\skip53
\bibsep=\skip54
LaTeX Info: Redefining \cite on input line 694.
\c@NAT@ctr=\count285
)
(c:/Users/Dell/ddhakal/applications/TinyTeX/texmf-dist/tex/latex/tools/longtabl
e.sty
Package: longtable 2019/02/06 v4.12 Multi-page Table package (DPC)
\LTleft=\skip55
\LTright=\skip56
\LTpre=\skip57
\LTpost=\skip58
\LTchunksize=\count286
\LTcapwidth=\dimen151
\LT@head=\box49
\LT@firsthead=\box50
\LT@foot=\box51
\LT@lastfoot=\box52
\LT@cols=\count287
\LT@rows=\count288
\c@LT@tables=\count289
\c@LT@chunks=\count290
\LT@p@ftn=\toks22
)
(c:/Users/Dell/ddhakal/applications/TinyTeX/texmf-dist/tex/latex/booktabs/bookt
abs.sty
Package: booktabs 2019/10/08 v1.6180339 publication quality tables
\heavyrulewidth=\dimen152
\lightrulewidth=\dimen153
\cmidrulewidth=\dimen154
\belowrulesep=\dimen155
\belowbottomsep=\dimen156
\aboverulesep=\dimen157
\abovetopsep=\dimen158
\cmidrulesep=\dimen159
\cmidrulekern=\dimen160
\defaultaddspace=\dimen161
\@cmidla=\count291
\@cmidlb=\count292
\@aboverulesep=\dimen162
\@belowrulesep=\dimen163
\@thisruleclass=\count293
\@lastruleclass=\count294
\@thisrulewidth=\dimen164
)
(c:/Users/Dell/ddhakal/applications/TinyTeX/texmf-dist/tex/latex/graphics/graph
icx.sty
Package: graphicx 2017/06/01 v1.1a Enhanced LaTeX Graphics (DPC,SPQR)

(c:/Users/Dell/ddhakal/applications/TinyTeX/texmf-dist/tex/latex/graphics/graph
ics.sty
Package: graphics 2019/11/01 v1.3d Standard LaTeX Graphics (DPC,SPQR)

(c:/Users/Dell/ddhakal/applications/TinyTeX/texmf-dist/tex/latex/graphics/trig.
sty
Package: trig 2016/01/03 v1.10 sin cos tan (DPC)
)
(c:/Users/Dell/ddhakal/applications/TinyTeX/texmf-dist/tex/latex/graphics-cfg/g
raphics.cfg
File: graphics.cfg 2016/06/04 v1.11 sample graphics configuration
)
Package graphics Info: Driver file: xetex.def on input line 105.

(c:/Users/Dell/ddhakal/applications/TinyTeX/texmf-dist/tex/latex/graphics-def/x
etex.def
File: xetex.def 2017/06/24 v5.0h Graphics/color driver for xetex
))
\Gin@req@height=\dimen165
\Gin@req@width=\dimen166
)
(c:/Users/Dell/ddhakal/applications/TinyTeX/texmf-dist/tex/latex/titling/titlin
g.sty
Package: titling 2009/09/04 v2.1d maketitle typesetting
\thanksmarkwidth=\skip59
\thanksmargin=\skip60
\droptitle=\skip61
)
(c:/Users/Dell/ddhakal/applications/TinyTeX/texmf-dist/tex/latex/geometry/geome
try.sty
Package: geometry 2018/04/16 v5.8 Page Geometry

(c:/Users/Dell/ddhakal/applications/TinyTeX/texmf-dist/tex/generic/iftex/ifvtex
.sty
Package: ifvtex 2019/10/25 v1.7 ifvtex legacy package. Use iftex instead.
)
\Gm@cnth=\count295
\Gm@cntv=\count296
\c@Gm@tempcnt=\count297
\Gm@bindingoffset=\dimen167
\Gm@wd@mp=\dimen168
\Gm@odd@mp=\dimen169
\Gm@even@mp=\dimen170
\Gm@layoutwidth=\dimen171
\Gm@layoutheight=\dimen172
\Gm@layouthoffset=\dimen173
\Gm@layoutvoffset=\dimen174
\Gm@dimlist=\toks23
)
(c:/Users/Dell/ddhakal/applications/TinyTeX/texmf-dist/tex/latex/amscls/amsthm.
sty
Package: amsthm 2017/10/31 v2.20.4
\thm@style=\toks24
\thm@bodyfont=\toks25
\thm@headfont=\toks26
\thm@notefont=\toks27
\thm@headpunct=\toks28
\thm@preskip=\skip62
\thm@postskip=\skip63
\thm@headsep=\skip64
\dth@everypar=\toks29
)
(c:/Users/Dell/ddhakal/applications/TinyTeX/texmf-dist/tex/latex/tools/dcolumn.
sty
Package: dcolumn 2014/10/28 v1.06 decimal alignment package (DPC)

(c:/Users/Dell/ddhakal/applications/TinyTeX/texmf-dist/tex/latex/tools/array.st
y
Package: array 2019/08/31 v2.4l Tabular extension package (FMi)
\col@sep=\dimen175
\ar@mcellbox=\box53
\extrarowheight=\dimen176
\NC@list=\toks30
\extratabsurround=\skip65
\backup@length=\skip66
\ar@cellbox=\box54
))
(c:/Users/Dell/ddhakal/applications/TinyTeX/texmf-dist/tex/latex/tools/tabularx
.sty
Package: tabularx 2016/02/03 v2.11b `tabularx' package (DPC)
\TX@col@width=\dimen177
\TX@old@table=\dimen178
\TX@old@col=\dimen179
\TX@target=\dimen180
\TX@delta=\dimen181
\TX@cols=\count298
\TX@ftn=\toks31
)
(c:/Users/Dell/ddhakal/applications/TinyTeX/texmf-dist/tex/latex/multirow/multi
row.sty
Package: multirow 2019/05/31 v2.5 Span multiple rows of a table
\multirow@colwidth=\skip67
\multirow@cntb=\count299
\multirow@dima=\skip68
\bigstrutjot=\dimen182
)
(c:/Users/Dell/ddhakal/applications/TinyTeX/texmf-dist/tex/latex/xcolor/xcolor.
sty
Package: xcolor 2016/05/11 v2.12 LaTeX color extensions (UK)

(c:/Users/Dell/ddhakal/applications/TinyTeX/texmf-dist/tex/latex/graphics-cfg/c
olor.cfg
File: color.cfg 2016/01/02 v1.6 sample color configuration
)
Package xcolor Info: Driver file: xetex.def on input line 225.

(c:/Users/Dell/ddhakal/applications/TinyTeX/texmf-dist/tex/latex/colortbl/color
tbl.sty
Package: colortbl 2018/12/12 v1.0d Color table columns (DPC)
\everycr=\toks32
\minrowclearance=\skip69
)
\rownum=\count300
Package xcolor Info: Model `cmy' substituted by `cmy0' on input line 1348.
Package xcolor Info: Model `RGB' extended on input line 1364.
Package xcolor Info: Model `HTML' substituted by `rgb' on input line 1366.
Package xcolor Info: Model `Hsb' substituted by `hsb' on input line 1367.
Package xcolor Info: Model `tHsb' substituted by `hsb' on input line 1368.
Package xcolor Info: Model `HSB' substituted by `hsb' on input line 1369.
Package xcolor Info: Model `Gray' substituted by `gray' on input line 1370.
Package xcolor Info: Model `wave' substituted by `hsb' on input line 1371.
)
(c:/Users/Dell/ddhakal/applications/TinyTeX/texmf-dist/tex/latex/wrapfig/wrapfi
g.sty
\wrapoverhang=\dimen183
\WF@size=\dimen184
\c@WF@wrappedlines=\count301
\WF@box=\box55
\WF@everypar=\toks33
Package: wrapfig 2003/01/31  v 3.6
)
(c:/Users/Dell/ddhakal/applications/TinyTeX/texmf-dist/tex/latex/float/float.st
y
Package: float 2001/11/08 v1.3d Float enhancements (AL)
\c@float@type=\count302
\float@exts=\toks34
\float@box=\box56
\@float@everytoks=\toks35
\@floatcapt=\box57
)
(c:/Users/Dell/ddhakal/applications/TinyTeX/texmf-dist/tex/latex/oberdiek/pdfls
cape.sty
Package: pdflscape 2016/05/14 v0.11 Display of landscape pages in PDF (HO)

(c:/Users/Dell/ddhakal/applications/TinyTeX/texmf-dist/tex/latex/graphics/lscap
e.sty
Package: lscape 2000/10/22 v3.01 Landscape Pages (DPC)
)
Package pdflscape Info: Auto-detected driver: dvipdfm (xetex) on input line 102
.
) (c:/Users/Dell/ddhakal/applications/TinyTeX/texmf-dist/tex/latex/tabu/tabu.st
y
Package: tabu 2019/01/11 v2.9 - flexible LaTeX tabulars (FC+tabu-fixed)

(c:/Users/Dell/ddhakal/applications/TinyTeX/texmf-dist/tex/latex/varwidth/varwi
dth.sty
Package: varwidth 2009/03/30 ver 0.92;  Variable-width minipages
\@vwid@box=\box58
\sift@deathcycles=\count303
\@vwid@loff=\dimen185
\@vwid@roff=\dimen186
)
\c@taburow=\count304
\tabu@nbcols=\count305
\tabu@cnt=\count306
\tabu@Xcol=\count307
\tabu@alloc=\count308
\tabu@nested=\count309
\tabu@target=\dimen187
\tabu@spreadtarget=\dimen188
\tabu@naturalX=\dimen189
\tabucolX=\dimen190
\tabu@Xsum=\dimen191
\extrarowdepth=\dimen192
\abovetabulinesep=\dimen193
\belowtabulinesep=\dimen194
\tabustrutrule=\dimen195
\tabu@thebody=\toks36
\tabu@footnotes=\toks37
\tabu@box=\box59
\tabu@arstrutbox=\box60
\tabu@hleads=\box61
\tabu@vleads=\box62
\tabu@cellskip=\skip70
)
(c:/Users/Dell/ddhakal/applications/TinyTeX/texmf-dist/tex/latex/threeparttable
/threeparttable.sty
Package: threeparttable 2003/06/13  v 3.0
\@tempboxb=\box63
)
(c:/Users/Dell/ddhakal/applications/TinyTeX/texmf-dist/tex/generic/ulem/ulem.st
y
\UL@box=\box64
\UL@hyphenbox=\box65
\UL@skip=\skip71
\UL@hook=\toks38
\UL@height=\dimen196
\UL@pe=\count310
\UL@pixel=\dimen197
\ULC@box=\box66
Package: ulem 2012/05/18
\ULdepth=\dimen198
)
(c:/Users/Dell/ddhakal/applications/TinyTeX/texmf-dist/tex/latex/graphics/rotat
ing.sty
Package: rotating 2016/08/11 v2.16d rotated objects in LaTeX

(c:/Users/Dell/ddhakal/applications/TinyTeX/texmf-dist/tex/latex/base/ifthen.st
y
Package: ifthen 2014/09/29 v1.1c Standard LaTeX ifthen package (DPC)
)
\c@r@tfl@t=\count311
\rotFPtop=\skip72
\rotFPbot=\skip73
\rot@float@box=\box67
\rot@mess@toks=\toks39
)
(c:/Users/Dell/ddhakal/applications/TinyTeX/texmf-dist/tex/latex/caption/captio
n.sty
Package: caption 2019/09/01 v3.3d Customizing captions (AR)

(c:/Users/Dell/ddhakal/applications/TinyTeX/texmf-dist/tex/latex/caption/captio
n3.sty
Package: caption3 2019/09/01 v1.8d caption3 kernel (AR)
Package caption3 Info: TeX engine: e-TeX on input line 64.
\captionmargin=\dimen199
\captionmargin@=\dimen256
\captionwidth=\dimen257
\caption@tempdima=\dimen258
\caption@indent=\dimen259
\caption@parindent=\dimen260
\caption@hangindent=\dimen261
)
\c@caption@flags=\count312
\c@ContinuedFloat=\count313
Package caption Info: float package is loaded.
Package caption Info: hyperref package is loaded.
Package caption Info: longtable package is loaded.

(c:/Users/Dell/ddhakal/applications/TinyTeX/texmf-dist/tex/latex/caption/ltcapt
ion.sty
Package: ltcaption 2018/08/26 v1.4a longtable captions (AR)
)
Package caption Info: rotating package is loaded.
Package caption Info: threeparttable package is loaded.
Package caption Info: wrapfig package is loaded.
) (./comprehensive_agriculture_guide.aux)
\openout1 = `comprehensive_agriculture_guide.aux'.

LaTeX Font Info:    Checking defaults for OML/cmm/m/it on input line 126.
LaTeX Font Info:    ... okay on input line 126.
LaTeX Font Info:    Checking defaults for T1/cmr/m/n on input line 126.
LaTeX Font Info:    ... okay on input line 126.
LaTeX Font Info:    Checking defaults for OT1/cmr/m/n on input line 126.
LaTeX Font Info:    ... okay on input line 126.
LaTeX Font Info:    Checking defaults for OMS/cmsy/m/n on input line 126.
LaTeX Font Info:    ... okay on input line 126.
LaTeX Font Info:    Checking defaults for TU/lmr/m/n on input line 126.
LaTeX Font Info:    ... okay on input line 126.
LaTeX Font Info:    Checking defaults for OMX/cmex/m/n on input line 126.
LaTeX Font Info:    ... okay on input line 126.
LaTeX Font Info:    Checking defaults for U/cmr/m/n on input line 126.
LaTeX Font Info:    ... okay on input line 126.
LaTeX Font Info:    Checking defaults for TS1/cmr/m/n on input line 126.
LaTeX Font Info:    Trying to load font information for TS1+cmr on input line 1
26.

(c:/Users/Dell/ddhakal/applications/TinyTeX/texmf-dist/tex/latex/base/ts1cmr.fd
File: ts1cmr.fd 2014/09/29 v2.5h Standard LaTeX font definitions
)
LaTeX Font Info:    ... okay on input line 126.
LaTeX Font Info:    Checking defaults for PD1/pdf/m/n on input line 126.
LaTeX Font Info:    ... okay on input line 126.
LaTeX Font Info:    Checking defaults for PU/pdf/m/n on input line 126.
LaTeX Font Info:    ... okay on input line 126.
\AtBeginShipoutBox=\box68
Package hyperref Info: Link coloring OFF on input line 126.

(c:/Users/Dell/ddhakal/applications/TinyTeX/texmf-dist/tex/latex/hyperref/namer
ef.sty
Package: nameref 2019/09/16 v2.46 Cross-referencing by name of section

(c:/Users/Dell/ddhakal/applications/TinyTeX/texmf-dist/tex/latex/oberdiek/refco
unt.sty
Package: refcount 2016/05/16 v3.5 Data extraction from label references (HO)
)
(c:/Users/Dell/ddhakal/applications/TinyTeX/texmf-dist/tex/generic/oberdiek/get
titlestring.sty
Package: gettitlestring 2016/05/16 v1.5 Cleanup title references (HO)
)
\c@section@level=\count314
)
LaTeX Info: Redefining \ref on input line 126.
LaTeX Info: Redefining \pageref on input line 126.
LaTeX Info: Redefining \nameref on input line 126.
(./comprehensive_agriculture_guide.out) (./comprehensive_agriculture_guide.out)
\@outlinefile=\write3
\openout3 = `comprehensive_agriculture_guide.out'.

*geometry* driver: auto-detecting
*geometry* detected driver: xetex
*geometry* verbose mode - [ preamble ] result:
* driver: xetex
* paper: <default>
* layout: <same size as paper>
* layoutoffset:(h,v)=(0.0pt,0.0pt)
* modes: twoside 
* h-part:(L,W,R)=(73.71613pt, 430.00462pt, 110.57425pt)
* v-part:(T,H,B)=(95.39737pt, 556.47656pt, 143.09605pt)
* \paperwidth=614.295pt
* \paperheight=794.96999pt
* \textwidth=430.00462pt
* \textheight=556.47656pt
* \oddsidemargin=1.44614pt
* \evensidemargin=38.30426pt
* \topmargin=-6.94011pt
* \headheight=12.0pt
* \headsep=18.06749pt
* \topskip=10.0pt
* \footskip=25.29494pt
* \marginparwidth=125.0pt
* \marginparsep=7.0pt
* \columnsep=10.0pt
* \skip\footins=9.0pt plus 4.0pt minus 2.0pt
* \hoffset=0.0pt
* \voffset=0.0pt
* \mag=1000
* \@twocolumnfalse
* \@twosidetrue
* \@mparswitchtrue
* \@reversemarginfalse
* (1in=72.27pt=25.4mm, 1cm=28.453pt)

Package caption Info: Begin \AtBeginDocument code.
Package caption Info: End \AtBeginDocument code.
[1


] [2

] (./comprehensive_agriculture_guide.toc
LaTeX Font Info:    Trying to load font information for OT1+lmr on input line 2
.
(c:/Users/Dell/ddhakal/applications/TinyTeX/texmf-dist/tex/latex/lm/ot1lmr.fd
File: ot1lmr.fd 2009/10/30 v1.6 Font defs for Latin Modern
)
LaTeX Font Info:    Trying to load font information for OML+lmm on input line 2
.
(c:/Users/Dell/ddhakal/applications/TinyTeX/texmf-dist/tex/latex/lm/omllmm.fd
File: omllmm.fd 2009/10/30 v1.6 Font defs for Latin Modern
)
LaTeX Font Info:    Trying to load font information for OMS+lmsy on input line 
2.
(c:/Users/Dell/ddhakal/applications/TinyTeX/texmf-dist/tex/latex/lm/omslmsy.fd
File: omslmsy.fd 2009/10/30 v1.6 Font defs for Latin Modern
)
LaTeX Font Info:    Trying to load font information for OMX+lmex on input line 
2.
(c:/Users/Dell/ddhakal/applications/TinyTeX/texmf-dist/tex/latex/lm/omxlmex.fd
File: omxlmex.fd 2009/10/30 v1.6 Font defs for Latin Modern
)
LaTeX Font Info:    External font `lmex10' loaded for size
(Font)              <10> on input line 2.
LaTeX Font Info:    External font `lmex10' loaded for size
(Font)              <7> on input line 2.
LaTeX Font Info:    External font `lmex10' loaded for size
(Font)              <5> on input line 2.
LaTeX Font Info:    Trying to load font information for U+msa on input line 2.

(c:/Users/Dell/ddhakal/applications/TinyTeX/texmf-dist/tex/latex/amsfonts/umsa.
fd
File: umsa.fd 2013/01/14 v3.01 AMS symbols A
)
LaTeX Font Info:    Trying to load font information for U+msb on input line 2.

(c:/Users/Dell/ddhakal/applications/TinyTeX/texmf-dist/tex/latex/amsfonts/umsb.
fd
File: umsb.fd 2013/01/14 v3.01 AMS symbols B
) [3] [4])
\tf@toc=\write4
\openout4 = `comprehensive_agriculture_guide.toc'.

[5] [6

]
Chapter 1.
[7] [8] [9] [10] [11] [12] [13] [14]
Chapter 2.

Underfull \vbox (badness 10000) has occurred while \output is active []

[15

] [16] [17] [18] [19] [20]
Overfull \hbox (81.3177pt too wide) has occurred while \output is active
\TU/lmr/m/sl/10 2.4.  NATIONAL FRUIT DEVELOPMENT DIRECTORATE (INSTITUTIONAL DEV
ELOPMENT OF FRUITS) \TU/lmr/m/n/10 21
 []

[21] [22] [23] [24] [25] [26]
*geometry* verbose mode - [ newgeometry ] result:
* driver: xetex
* paper: <default>
* layout: <same size as paper>
* layoutoffset:(h,v)=(0.0pt,0.0pt)
* modes: twoside 
* h-part:(L,W,R)=(34.14322pt, 546.00856pt, 34.14322pt)
* v-part:(T,H,B)=(34.14322pt, 726.68355pt, 34.14322pt)
* \paperwidth=614.295pt
* \paperheight=794.96999pt
* \textwidth=546.00856pt
* \textheight=726.68355pt
* \oddsidemargin=-38.12677pt
* \evensidemargin=-38.12677pt
* \topmargin=-68.19426pt
* \headheight=12.0pt
* \headsep=18.06749pt
* \topskip=10.0pt
* \footskip=25.29494pt
* \marginparwidth=125.0pt
* \marginparsep=7.0pt
* \columnsep=10.0pt
* \skip\footins=9.0pt plus 4.0pt minus 2.0pt
* \hoffset=0.0pt
* \voffset=0.0pt
* \mag=1000
* \@twocolumnfalse
* \@twosidetrue
* \@mparswitchtrue
* \@reversemarginfalse
* (1in=72.27pt=25.4mm, 1cm=28.453pt)

LaTeX Font Info:    External font `lmex10' loaded for size
(Font)              <8> on input line 1017.
LaTeX Font Info:    External font `lmex10' loaded for size
(Font)              <6> on input line 1017.

Overfull \hbox (3.03198pt too wide) in paragraph at lines 1019--1019
[]|\TU/lmr/m/n/8 Production 
 []

[27] [28




] [29] [30]
Underfull \vbox (badness 10000) has occurred while \output is active []

[31] [32]
Chapter 3.
[33

] [34]
*geometry* verbose mode - [ newgeometry ] result:
* driver: xetex
* paper: <default>
* layout: <same size as paper>
* layoutoffset:(h,v)=(0.0pt,0.0pt)
* modes: twoside 
* h-part:(L,W,R)=(42.67912pt, 528.93675pt, 42.67912pt)
* v-part:(T,H,B)=(42.67912pt, 709.61174pt, 42.67912pt)
* \paperwidth=614.295pt
* \paperheight=794.96999pt
* \textwidth=528.93675pt
* \textheight=709.61174pt
* \oddsidemargin=-29.59087pt
* \evensidemargin=-29.59087pt
* \topmargin=-59.65836pt
* \headheight=12.0pt
* \headsep=18.06749pt
* \topskip=10.0pt
* \footskip=25.29494pt
* \marginparwidth=125.0pt
* \marginparsep=7.0pt
* \columnsep=10.0pt
* \skip\footins=9.0pt plus 4.0pt minus 2.0pt
* \hoffset=0.0pt
* \voffset=0.0pt
* \mag=1000
* \@twocolumnfalse
* \@twosidetrue
* \@mparswitchtrue
* \@reversemarginfalse
* (1in=72.27pt=25.4mm, 1cm=28.453pt)


Overfull \hbox (6.864pt too wide) in paragraph at lines 1371--1371
[]|\TU/lmr/m/n/8 Productivity 
 []


Overfull \hbox (5.33368pt too wide) in paragraph at lines 1380--1380
[]|$\OT1/lmr/m/n/8 3\OML/lmm/m/it/8 :\OT1/lmr/m/n/8 82(\OMS/lmsy/m/n/8 ^^F\OT1/
lmr/m/n/8 1200)$|  
 []


Overfull \hbox (5.33368pt too wide) in paragraph at lines 1383--1383
[]|$\OT1/lmr/m/n/8 3\OML/lmm/m/it/8 :\OT1/lmr/m/n/8 82(\OMS/lmsy/m/n/8 ^^F\OT1/
lmr/m/n/8 1200)$|  
 []

[35]
*geometry* verbose mode - [ newgeometry ] result:
* driver: xetex
* paper: <default>
* layout: <same size as paper>
* layoutoffset:(h,v)=(0.0pt,0.0pt)
* modes: twoside 
* h-part:(L,W,R)=(42.67912pt, 528.93675pt, 42.67912pt)
* v-part:(T,H,B)=(42.67912pt, 709.61174pt, 42.67912pt)
* \paperwidth=614.295pt
* \paperheight=794.96999pt
* \textwidth=528.93675pt
* \textheight=709.61174pt
* \oddsidemargin=-29.59087pt
* \evensidemargin=-29.59087pt
* \topmargin=-59.65836pt
* \headheight=12.0pt
* \headsep=18.06749pt
* \topskip=10.0pt
* \footskip=25.29494pt
* \marginparwidth=125.0pt
* \marginparsep=7.0pt
* \columnsep=10.0pt
* \skip\footins=9.0pt plus 4.0pt minus 2.0pt
* \hoffset=0.0pt
* \voffset=0.0pt
* \mag=1000
* \@twocolumnfalse
* \@twosidetrue
* \@mparswitchtrue
* \@reversemarginfalse
* (1in=72.27pt=25.4mm, 1cm=28.453pt)


Overfull \hbox (6.864pt too wide) in paragraph at lines 1409--1409
 []|\TU/lmr/m/n/8 Productivity
 []

[36] [37








] [38] [39] [40

]
Chapter 4.
[41] [42

] [43] [44

]
*geometry* verbose mode - [ newgeometry ] result:
* driver: xetex
* paper: <default>
* layout: <same size as paper>
* layoutoffset:(h,v)=(0.0pt,0.0pt)
* modes: twoside 
* h-part:(L,W,R)=(35.56593pt, 543.16313pt, 35.56593pt)
* v-part:(T,H,B)=(35.56593pt, 723.83812pt, 35.56593pt)
* \paperwidth=614.295pt
* \paperheight=794.96999pt
* \textwidth=543.16313pt
* \textheight=723.83812pt
* \oddsidemargin=-36.70406pt
* \evensidemargin=-36.70406pt
* \topmargin=-66.77155pt
* \headheight=12.0pt
* \headsep=18.06749pt
* \topskip=10.0pt
* \footskip=25.29494pt
* \marginparwidth=125.0pt
* \marginparsep=7.0pt
* \columnsep=10.0pt
* \skip\footins=9.0pt plus 4.0pt minus 2.0pt
* \hoffset=0.0pt
* \voffset=0.0pt
* \mag=1000
* \@twocolumnfalse
* \@twosidetrue
* \@mparswitchtrue
* \@reversemarginfalse
* (1in=72.27pt=25.4mm, 1cm=28.453pt)


Overfull \hbox (6.98pt too wide) in paragraph at lines 1738--1738
[]|\TU/lmr/m/n/10 Approximate 
 []


Overfull \hbox (7.81pt too wide) in paragraph at lines 1738--1738
[]|\TU/lmr/m/n/10 March|  
 []


Overfull \hbox (2.54001pt too wide) in paragraph at lines 1738--1738
[]|\TU/lmr/m/n/10 April|  
 []


Overfull \hbox (0.7pt too wide) in paragraph at lines 1738--1738
[]|\TU/lmr/m/n/10 June|  
 []


Overfull \hbox (1.17pt too wide) in paragraph at lines 1738--1738
[]|\TU/lmr/m/n/10 August|  
 []


Overfull \hbox (16.14pt too wide) in paragraph at lines 1738--1738
[]|\TU/lmr/m/n/10 September|  
 []


Overfull \hbox (5.31pt too wide) in paragraph at lines 1738--1738
[]|\TU/lmr/m/n/10 October|  
 []


Overfull \hbox (13.91pt too wide) in paragraph at lines 1738--1738
[]|\TU/lmr/m/n/10 November|  
 []


Overfull \hbox (13.21pt too wide) in paragraph at lines 1738--1739
[]|\TU/lmr/m/n/10 December|  
 []


LaTeX Warning: Float too large for page by 16.98781pt on input line 1787.

[45] [46




]
*geometry* verbose mode - [ newgeometry ] result:
* driver: xetex
* paper: <default>
* layout: <same size as paper>
* layoutoffset:(h,v)=(0.0pt,0.0pt)
* modes: twoside 
* h-part:(L,W,R)=(42.67912pt, 528.93675pt, 42.67912pt)
* v-part:(T,H,B)=(42.67912pt, 709.61174pt, 42.67912pt)
* \paperwidth=614.295pt
* \paperheight=794.96999pt
* \textwidth=528.93675pt
* \textheight=709.61174pt
* \oddsidemargin=-29.59087pt
* \evensidemargin=-29.59087pt
* \topmargin=-59.65836pt
* \headheight=12.0pt
* \headsep=18.06749pt
* \topskip=10.0pt
* \footskip=25.29494pt
* \marginparwidth=125.0pt
* \marginparsep=7.0pt
* \columnsep=10.0pt
* \skip\footins=9.0pt plus 4.0pt minus 2.0pt
* \hoffset=0.0pt
* \voffset=0.0pt
* \mag=1000
* \@twocolumnfalse
* \@twosidetrue
* \@mparswitchtrue
* \@reversemarginfalse
* (1in=72.27pt=25.4mm, 1cm=28.453pt)

[47] [48





]
Chapter 5.
[49] [50]
Overfull \hbox (14.96661pt too wide) has occurred while \output is active
\TU/lmr/m/sl/10 5.3.  GENDER DEVELOPMENT INDEX (GDI) AND GENDER EMPOWERMENT IND
EX (GEI) \TU/lmr/m/n/10 51
 []

[51] [52

]
Chapter 6.
[53] [54] [55] [56] [57] [58] [59]
Overfull \hbox (69.78539pt too wide) in paragraph at lines 2592--2602
 [][] 
 []

[60] [61] [62

]
Chapter 7.
[63] [64

]
Chapter 8.
[65] [66] [67] [68] [69] [70] [71] [72] [73] [74] [75] [76] [77]
Underfull \hbox (badness 3492) in paragraph at lines 3378--3380
[]\TU/lmr/m/n/10 The listing of LDCs is available at: []$[][][][][] [] [] [] []
[][] [] [][] [] [][][] [] [][][][][][][][][][][] [] [][][][] [] [][][][] []
 []

[78] [79] [80] [81] [82

]
Chapter 9.
[83]
Overfull \hbox (57.85211pt too wide) has occurred while \output is active
\TU/lmr/m/n/10 84 \TU/lmr/m/sl/10 CHAPTER 9.  INTERNATIONAL ORGANIZATIONS, TREA
TIES, CONVENTIONS AND AGREEMENTS
 []

[84] [85]
Overfull \hbox (57.85211pt too wide) has occurred while \output is active
\TU/lmr/m/n/10 86 \TU/lmr/m/sl/10 CHAPTER 9.  INTERNATIONAL ORGANIZATIONS, TREA
TIES, CONVENTIONS AND AGREEMENTS
 []

[86] [87]
Overfull \hbox (57.85211pt too wide) has occurred while \output is active
\TU/lmr/m/n/10 88 \TU/lmr/m/sl/10 CHAPTER 9.  INTERNATIONAL ORGANIZATIONS, TREA
TIES, CONVENTIONS AND AGREEMENTS
 []

[88] [89]
Overfull \hbox (57.85211pt too wide) has occurred while \output is active
\TU/lmr/m/n/10 90 \TU/lmr/m/sl/10 CHAPTER 9.  INTERNATIONAL ORGANIZATIONS, TREA
TIES, CONVENTIONS AND AGREEMENTS
 []

[90] [91]
Overfull \hbox (57.85211pt too wide) has occurred while \output is active
\TU/lmr/m/n/10 92 \TU/lmr/m/sl/10 CHAPTER 9.  INTERNATIONAL ORGANIZATIONS, TREA
TIES, CONVENTIONS AND AGREEMENTS
 []

[92] [93]
Overfull \hbox (57.85211pt too wide) has occurred while \output is active
\TU/lmr/m/n/10 94 \TU/lmr/m/sl/10 CHAPTER 9.  INTERNATIONAL ORGANIZATIONS, TREA
TIES, CONVENTIONS AND AGREEMENTS
 []

[94] [95]
Overfull \hbox (57.85211pt too wide) has occurred while \output is active
\TU/lmr/m/n/10 96 \TU/lmr/m/sl/10 CHAPTER 9.  INTERNATIONAL ORGANIZATIONS, TREA
TIES, CONVENTIONS AND AGREEMENTS
 []

[96]
Chapter 10.
[97

]
Overfull \hbox (160.6954pt too wide) in paragraph at lines 4148--4176
 [][] 
 []

[98] [99] [100] [101] [102] [103]
No file comprehensive_agriculture_guide.bbl.
Package atveryend Info: Empty hook `BeforeClearDocument' on input line 4587.
[104]
Package atveryend Info: Empty hook `AfterLastShipout' on input line 4587.
(./comprehensive_agriculture_guide.aux)
Package atveryend Info: Empty hook `AtVeryEndDocument' on input line 4587.
Package atveryend Info: Executing hook `AtEndAfterFileList' on input line 4587.

Package rerunfilecheck Info: File `comprehensive_agriculture_guide.out' has not
 changed.
(rerunfilecheck)             Checksum: EA502F0520960ED629356C318DEBC925.
 ) 
Here is how much of TeX's memory you used:
 26509 strings out of 494465
 490832 string characters out of 6171871
 664781 words of memory out of 5000000
 30559 multiletter control sequences out of 15000+600000
 553190 words of font info for 66 fonts, out of 8000000 for 9000
 14 hyphenation exceptions out of 8191
 55i,12n,96p,1204b,461s stack positions out of 5000i,500n,10000p,200000b,80000s

Output written on comprehensive_agriculture_guide.pdf (104 pages).
